<?xml version="1.0" encoding="UTF-8"?>
<testsuite xmlns:xsi="http://www.w3.org/2001/XMLSchema-instance" xsi:schemaLocation="https://maven.apache.org/surefire/maven-surefire-plugin/xsd/surefire-test-report.xsd" name="runner.TestRunner" time="10.303" tests="47" errors="0" skipped="0" failures="0">
  <properties>
    <property name="jansi.mode" value="strip"/>
    <property name="java.runtime.name" value="Java(TM) SE Runtime Environment"/>
    <property name="java.vm.version" value="17.0.10+11-LTS-240"/>
    <property name="sun.boot.library.path" value="C:\Program Files\Java\jdk-17\bin"/>
    <property name="maven.multiModuleProjectDirectory" value="C:\eclipse-workspace\BddRestAssuredAPIAutomationMay212024"/>
    <property name="java.vm.vendor" value="Oracle Corporation"/>
    <property name="java.vendor.url" value="https://java.oracle.com/"/>
    <property name="guice.disable.misplaced.annotation.check" value="true"/>
    <property name="path.separator" value=";"/>
    <property name="java.vm.name" value="Java HotSpot(TM) 64-Bit Server VM"/>
    <property name="sun.os.patch.level" value=""/>
    <property name="user.script" value=""/>
    <property name="user.country" value="US"/>
    <property name="sun.java.launcher" value="SUN_STANDARD"/>
    <property name="java.vm.specification.name" value="Java Virtual Machine Specification"/>
    <property name="user.dir" value="C:\eclipse-workspace\BddRestAssuredAPIAutomationMay212024"/>
    <property name="java.vm.compressedOopsMode" value="Zero based"/>
    <property name="java.runtime.version" value="17.0.10+11-LTS-240"/>
    <property name="os.arch" value="amd64"/>
    <property name="java.io.tmpdir" value="C:\Users\rames\AppData\Local\Temp\"/>
    <property name="line.separator" value="&#10;"/>
    <property name="java.vm.specification.vendor" value="Oracle Corporation"/>
    <property name="user.variant" value=""/>
    <property name="os.name" value="Windows 11"/>
    <property name="classworlds.conf" value="C:\eclipse-workspace\.metadata\.plugins\org.eclipse.m2e.launching\launches\m2conf13563427189599977864.tmp"/>
    <property name="sun.jnu.encoding" value="Cp1252"/>
    <property name="java.library.path" value="C:\Program Files\Java\jdk-17\bin;C:\WINDOWS\Sun\Java\bin;C:\WINDOWS\system32;C:\WINDOWS;C:/Users/rames/Downloads/eclipse-java-2022-06-R-win32-x86_64/eclipse//plugins/org.eclipse.justj.openjdk.hotspot.jre.full.win32.x86_64_17.0.3.v20220515-1416/jre/bin/server;C:/Users/rames/Downloads/eclipse-java-2022-06-R-win32-x86_64/eclipse//plugins/org.eclipse.justj.openjdk.hotspot.jre.full.win32.x86_64_17.0.3.v20220515-1416/jre/bin;C:\Program Files (x86)\Microsoft SDKs\Azure\CLI2\wbin;C:\Program Files\Common Files\Oracle\Java\javapath;C:\WINDOWS\system32;C:\WINDOWS;C:\WINDOWS\System32\Wbem;C:\WINDOWS\System32\WindowsPowerShell\v1.0\;C:\WINDOWS\System32\OpenSSH\;C:\Program Files\dotnet\;C:\Program Files\Java\jdk-17\bin;C:\maven\apache-maven-3.9.6\bin;C:\Program Files\Docker\Docker\resources\bin;C:\ProgramData\chocolatey\bin;C:\Windows\System32;C:\ProgramData\chocolatey\lib\terraform\tools;C:\Program Files\Amazon\AWSCLIV2\;C:\Program Files\Amazon\AWSSAMCLI\bin\;C:\Program Files\Git\cmd;C:\Users\rames\AppData\Roaming\npm;C:\Program Files\nodejs\;C:\webdriverInfo\Appium\android\cmdline-tools\latest\bin;C:\webdriverInfo\Appium\AndroidSDKTools\build-tools;C:\webdriverInfo\Appium\AndroidSDKTools\platform-tools;C:\Users\rames\AppData\Local\Programs\Python\Python311\Scripts\;C:\Users\rames\AppData\Local\Programs\Python\Python311\;C:\Users\rames\AppData\Local\Microsoft\WindowsApps;;C:\Program Files\JetBrains\IntelliJ IDEA Community Edition 2022.3.1\bin;;C:\Users\rames\AppData\Local\Programs\Microsoft VS Code\bin;C:\Program Files\JetBrains\Aqua 233.14475.33\bin;;C:\Users\rames\AppData\Roaming\npm;C:\Users\rames\Downloads\eclipse-java-2022-06-R-win32-x86_64\eclipse;;."/>
    <property name="jdk.debug" value="release"/>
    <property name="java.class.version" value="61.0"/>
    <property name="java.specification.name" value="Java Platform API Specification"/>
    <property name="sun.management.compiler" value="HotSpot 64-Bit Tiered Compilers"/>
    <property name="os.version" value="10.0"/>
    <property name="user.home" value="C:\Users\rames"/>
    <property name="user.timezone" value="America/Phoenix"/>
    <property name="file.encoding" value="Cp1252"/>
    <property name="java.specification.version" value="17"/>
    <property name="user.name" value="rames"/>
    <property name="java.class.path" value="C:\Users\rames\Downloads\eclipse-java-2022-06-R-win32-x86_64\eclipse\plugins\org.eclipse.m2e.maven.runtime_1.18.3.20220227-1319\jars\plexus-classworlds-2.6.0.jar"/>
    <property name="java.vm.specification.version" value="17"/>
    <property name="sun.arch.data.model" value="64"/>
    <property name="sun.java.command" value="org.codehaus.plexus.classworlds.launcher.Launcher -B install"/>
    <property name="java.home" value="C:\Program Files\Java\jdk-17"/>
    <property name="user.language" value="en"/>
    <property name="java.specification.vendor" value="Oracle Corporation"/>
    <property name="java.vm.info" value="mixed mode, sharing"/>
    <property name="java.version" value="17.0.10"/>
    <property name="native.encoding" value="Cp1252"/>
    <property name="java.vendor" value="Oracle Corporation"/>
    <property name="maven.home" value="C:\eclipse-workspace\BddRestAssuredAPIAutomationMay212024\EMBEDDED"/>
    <property name="file.separator" value="\"/>
    <property name="java.version.date" value="2024-01-16"/>
    <property name="java.vendor.url.bug" value="https://bugreport.java.com/bugreport/"/>
    <property name="sun.io.unicode.encoding" value="UnicodeLittle"/>
    <property name="sun.cpu.endian" value="little"/>
    <property name="sun.cpu.isalist" value="amd64"/>
  </properties>
  <testcase name="provide valid endpoint to delete the user" classname="reqres delet api to delete the user scenario" time="0.49"/>
  <testcase name="I send the request to the server to delete the user" classname="reqres delet api to delete the user scenario" time="2.096"/>
  <testcase name="I validate the delete user response status code" classname="reqres delet api to delete the user scenario" time="0.006"/>
  <testcase name="reqres delet api to delete the user scenario" classname="reqres delet api to delete the user scenario" time="0.015"/>
  <testcase name="provide valid endpoint to fetch all users" classname="Get Api to list all the users" time="0.001"/>
  <testcase name="send the request to the server" classname="Get Api to list all the users" time="0.194"/>
  <testcase name="I validate the response statuscode 200" classname="Get Api to list all the users" time="0.001"/>
  <testcase name="Get Api to list all the users" classname="Get Api to list all the users" time="0.002"/>
  <testcase name="provide valid endpoint to fetch all users" classname="getApi to search with different page numbers using scenario outline #1" time="0"/>
  <testcase name="send the request to the server with page number as 1" classname="getApi to search with different page numbers using scenario outline #1" time="0.151"/>
  <testcase name="I verify the response statusCode 200" classname="getApi to search with different page numbers using scenario outline #1" time="0"/>
  <testcase name="I verify the first user record having email as &quot;george.bluth@reqres.in&quot;" classname="getApi to search with different page numbers using scenario outline #1" time="1.043"/>
  <testcase name="getApi to search with different page numbers using scenario outline #1" classname="getApi to search with different page numbers using scenario outline #1" time="1.044"/>
  <testcase name="provide valid endpoint to fetch all users" classname="getApi to search with different page numbers using scenario outline #2" time="0"/>
  <testcase name="send the request to the server with page number as 2" classname="getApi to search with different page numbers using scenario outline #2" time="0.134"/>
  <testcase name="I verify the response statusCode 200" classname="getApi to search with different page numbers using scenario outline #2" time="0"/>
  <testcase name="I verify the first user record having email as &quot;michael.lawson@reqres.in&quot;" classname="getApi to search with different page numbers using scenario outline #2" time="0.029"/>
  <testcase name="getApi to search with different page numbers using scenario outline #2" classname="getApi to search with different page numbers using scenario outline #2" time="0.029"/>
  <testcase name="provide valid endpoint to fetch single user" classname="Get Api to list single user" time="0.001"/>
  <testcase name="send the request to the server to fetch single user" classname="Get Api to list single user" time="0.125"/>
  <testcase name="I validate the single user response statuscode 200" classname="Get Api to list single user" time="0"/>
  <testcase name="I verify the response body fields" classname="Get Api to list single user" time="0.077"/>
  <testcase name="Get Api to list single user" classname="Get Api to list single user" time="0.079"/>
  <testcase name="provide valid endpoint to fetch single user not found" classname="Get Api for single user not found" time="0.001"/>
  <testcase name="send the request to the server to fetch single user not found" classname="Get Api for single user not found" time="0.436"/>
  <testcase name="I validate the single user not found response statuscode" classname="Get Api for single user not found" time="0"/>
  <testcase name="Get Api for single user not found" classname="Get Api for single user not found" time="0.001"/>
  <testcase name="provide valid endpoint to create user" classname="reqres post api to create user scenario" time="0.003"/>
  <testcase name="I send the request to the server with requestbody" classname="reqres post api to create user scenario" time="0.444"/>
  <testcase name="I validate the create user response status code" classname="reqres post api to create user scenario" time="0"/>
  <testcase name="validate the create user response body fields" classname="reqres post api to create user scenario" time="0.03"/>
  <testcase name="reqres post api to create user scenario" classname="reqres post api to create user scenario" time="0.03"/>
  <testcase name="provide valid endpoint to create user" classname="reqres post api to create more users #1" time="0.002"/>
  <testcase name="I send the request to the server with requestbody as &quot;morpheus&quot; and &quot;leader&quot;" classname="reqres post api to create more users #1" time="0.431"/>
  <testcase name="I validate the create user response status code" classname="reqres post api to create more users #1" time="0"/>
  <testcase name="validate the create user response body fields" classname="reqres post api to create more users #1" time="0.027"/>
  <testcase name="reqres post api to create more users #1" classname="reqres post api to create more users #1" time="0.028"/>
  <testcase name="provide valid endpoint to create user" classname="reqres post api to create more users #2" time="0.001"/>
  <testcase name="I send the request to the server with requestbody as &quot;Ramesh Ch&quot; and &quot;Automation Test Lead&quot;" classname="reqres post api to create more users #2" time="0.429"/>
  <testcase name="I validate the create user response status code" classname="reqres post api to create more users #2" time="0.001"/>
  <testcase name="validate the create user response body fields" classname="reqres post api to create more users #2" time="0.02"/>
  <testcase name="reqres post api to create more users #2" classname="reqres post api to create more users #2" time="0.022"/>
  <testcase name="provide valid endpoint to update the user" classname="reqres post api to update user scenario" time="0.001"/>
  <testcase name="I send the request to the server with requestbody to update user" classname="reqres post api to update user scenario" time="0.432"/>
  <testcase name="I validate the update user response status code" classname="reqres post api to update user scenario" time="0.001"/>
  <testcase name="validate the update user response body fields" classname="reqres post api to update user scenario" time="0.026"/>
  <testcase name="reqres post api to update user scenario" classname="reqres post api to update user scenario" time="0.027"/>
</testsuite>